\BOOKMARK [1][-]{section*.1}{ABSTRACT}{section*.2}% 1
\BOOKMARK [1][-]{section.1}{Introduction}{}% 2
\BOOKMARK [1][-]{section.2}{Observations and Data Reduction}{}% 3
\BOOKMARK [2][-]{subsection.2.1}{Sample}{section.2}% 4
\BOOKMARK [2][-]{subsection.2.2}{NIKA Observations and Reduction}{section.2}% 5
\BOOKMARK [2][-]{subsection.2.3}{MUSTANG Observations and Reduction}{section.2}% 6
\BOOKMARK [2][-]{subsection.2.4}{Bolocam Observations and Reduction}{section.2}% 7
\BOOKMARK [1][-]{section.3}{Joint Map Fitting Technique}{}% 8
\BOOKMARK [2][-]{subsection.3.1}{Overview}{section.3}% 9
\BOOKMARK [2][-]{subsection.3.2}{Preprocessing}{section.3}% 10
\BOOKMARK [2][-]{subsection.3.3}{Mean Level}{section.3}% 11
\BOOKMARK [3][-]{subsubsection.3.3.1}{Point Sources}{subsection.3.3}% 12
\BOOKMARK [3][-]{subsubsection.3.3.2}{Centroid}{subsection.3.3}% 13
\BOOKMARK [2][-]{subsection.3.4}{Parametric Fits: gNFW}{section.3}% 14
\BOOKMARK [3][-]{subsubsection.3.4.1}{Parameter Space}{subsection.3.4}% 15
\BOOKMARK [2][-]{subsection.3.5}{Non Parametric Fits: radial pressure bins}{section.3}% 16
\BOOKMARK [2][-]{subsection.3.6}{Geometric Deprojection}{section.3}% 17
\BOOKMARK [1][-]{section.4}{SZ Pressure Profile Constraints}{}% 18
\BOOKMARK [2][-]{subsection.4.1}{Systematics}{section.4}% 19
\BOOKMARK [1][-]{section.5}{Integrated Compton Y Scaling Relations}{}% 20
\BOOKMARK [1][-]{section.6}{Conclusions}{}% 21
\BOOKMARK [2][-]{subsection.Alph0.1}{CLJ 1226 \(z=0.89\)}{section.6}% 22
\BOOKMARK [1][-]{appendix.A}{Data Products}{}% 23
